2025-01-28T18:03:24.155+05:30  INFO 3768 --- [todo-management-application-mysql-database] [restartedMain] i.v.s.web.TodoManagementApplication      : Starting TodoManagementApplication using Java 17.0.12 with PID 3768 (D:\development\java\eclipse\todo-management-application-mysql-database\target\classes started by UmaSuraj in D:\development\java\eclipse\todo-management-application-mysql-database)
2025-01-28T18:03:24.253+05:30 DEBUG 3768 --- [todo-management-application-mysql-database] [restartedMain] i.v.s.web.TodoManagementApplication      : Running with Spring Boot v3.3.7, Spring v6.1.16
2025-01-28T18:03:24.257+05:30  INFO 3768 --- [todo-management-application-mysql-database] [restartedMain] i.v.s.web.TodoManagementApplication      : No active profile set, falling back to 1 default profile: "default"
2025-01-28T18:03:26.327+05:30  INFO 3768 --- [todo-management-application-mysql-database] [restartedMain] .e.DevToolsPropertyDefaultsPostProcessor : Devtools property defaults active! Set 'spring.devtools.add-properties' to 'false' to disable
2025-01-28T18:03:26.333+05:30  INFO 3768 --- [todo-management-application-mysql-database] [restartedMain] .e.DevToolsPropertyDefaultsPostProcessor : For additional web related logging consider setting the 'logging.level.web' property to 'DEBUG'
2025-01-28T18:03:43.414+05:30  INFO 3768 --- [todo-management-application-mysql-database] [restartedMain] .s.d.r.c.RepositoryConfigurationDelegate : Bootstrapping Spring Data JPA repositories in DEFAULT mode.
2025-01-28T18:03:44.189+05:30  INFO 3768 --- [todo-management-application-mysql-database] [restartedMain] .s.d.r.c.RepositoryConfigurationDelegate : Finished Spring Data repository scanning in 466 ms. Found 1 JPA repository interface.
2025-01-28T18:04:07.947+05:30  INFO 3768 --- [todo-management-application-mysql-database] [restartedMain] o.s.b.w.embedded.tomcat.TomcatWebServer  : Tomcat initialized with port 8081 (http)
2025-01-28T18:04:08.592+05:30  INFO 3768 --- [todo-management-application-mysql-database] [restartedMain] o.apache.catalina.core.StandardService   : Starting service [Tomcat]
2025-01-28T18:04:08.593+05:30  INFO 3768 --- [todo-management-application-mysql-database] [restartedMain] o.apache.catalina.core.StandardEngine    : Starting Servlet engine: [Apache Tomcat/10.1.34]
2025-01-28T18:04:14.423+05:30  INFO 3768 --- [todo-management-application-mysql-database] [restartedMain] org.apache.jasper.servlet.TldScanner     : At least one JAR was scanned for TLDs yet contained no TLDs. Enable debug logging for this logger for a complete list of JARs that were scanned but no TLDs were found in them. Skipping unneeded JARs during scanning can improve startup time and JSP compilation time.
2025-01-28T18:04:14.524+05:30  INFO 3768 --- [todo-management-application-mysql-database] [restartedMain] o.a.c.c.C.[Tomcat].[localhost].[/]       : Initializing Spring embedded WebApplicationContext
2025-01-28T18:04:14.526+05:30  INFO 3768 --- [todo-management-application-mysql-database] [restartedMain] w.s.c.ServletWebServerApplicationContext : Root WebApplicationContext: initialization completed in 48043 ms
2025-01-28T18:04:22.346+05:30  INFO 3768 --- [todo-management-application-mysql-database] [restartedMain] o.hibernate.jpa.internal.util.LogHelper  : HHH000204: Processing PersistenceUnitInfo [name: default]
2025-01-28T18:04:23.202+05:30  INFO 3768 --- [todo-management-application-mysql-database] [restartedMain] org.hibernate.Version                    : HHH000412: Hibernate ORM core version 6.5.3.Final
2025-01-28T18:04:23.761+05:30  INFO 3768 --- [todo-management-application-mysql-database] [restartedMain] o.h.c.internal.RegionFactoryInitiator    : HHH000026: Second-level cache disabled
2025-01-28T18:04:28.396+05:30  INFO 3768 --- [todo-management-application-mysql-database] [restartedMain] o.s.o.j.p.SpringPersistenceUnitInfo      : No LoadTimeWeaver setup: ignoring JPA class transformer
2025-01-28T18:04:28.653+05:30  INFO 3768 --- [todo-management-application-mysql-database] [restartedMain] com.zaxxer.hikari.HikariDataSource       : HikariPool-1 - Starting...
2025-01-28T18:04:32.384+05:30  INFO 3768 --- [todo-management-application-mysql-database] [restartedMain] com.zaxxer.hikari.pool.HikariPool        : HikariPool-1 - Added connection com.mysql.cj.jdbc.ConnectionImpl@17574752
2025-01-28T18:04:32.395+05:30  INFO 3768 --- [todo-management-application-mysql-database] [restartedMain] com.zaxxer.hikari.HikariDataSource       : HikariPool-1 - Start completed.
2025-01-28T18:04:43.383+05:30  INFO 3768 --- [todo-management-application-mysql-database] [restartedMain] o.h.e.t.j.p.i.JtaPlatformInitiator       : HHH000489: No JTA platform available (set 'hibernate.transaction.jta.platform' to enable JTA platform integration)
2025-01-28T18:04:44.140+05:30  INFO 3768 --- [todo-management-application-mysql-database] [restartedMain] j.LocalContainerEntityManagerFactoryBean : Initialized JPA EntityManagerFactory for persistence unit 'default'
2025-01-28T18:04:51.783+05:30  WARN 3768 --- [todo-management-application-mysql-database] [restartedMain] JpaBaseConfiguration$JpaWebConfiguration : spring.jpa.open-in-view is enabled by default. Therefore, database queries may be performed during view rendering. Explicitly configure spring.jpa.open-in-view to disable this warning
2025-01-28T18:04:52.504+05:30  INFO 3768 --- [todo-management-application-mysql-database] [restartedMain] r$InitializeUserDetailsManagerConfigurer : Global AuthenticationManager configured with UserDetailsService bean with name createUserDetailsManager
2025-01-28T18:05:05.694+05:30  INFO 3768 --- [todo-management-application-mysql-database] [restartedMain] o.s.b.d.a.OptionalLiveReloadServer       : LiveReload server is running on port 35729
2025-01-28T18:05:07.681+05:30  INFO 3768 --- [todo-management-application-mysql-database] [restartedMain] o.s.b.w.embedded.tomcat.TomcatWebServer  : Tomcat started on port 8081 (http) with context path '/'
2025-01-28T18:05:07.823+05:30  INFO 3768 --- [todo-management-application-mysql-database] [restartedMain] i.v.s.web.TodoManagementApplication      : Started TodoManagementApplication in 114.885 seconds (process running for 126.67)
2025-01-28T18:13:55.808+05:30  INFO 3768 --- [todo-management-application-mysql-database] [File Watcher] rtingClassPathChangeChangedEventListener : Restarting due to 1 class path change (0 additions, 0 deletions, 1 modification)
2025-01-28T18:13:57.395+05:30  INFO 3768 --- [todo-management-application-mysql-database] [Thread-5] j.LocalContainerEntityManagerFactoryBean : Closing JPA EntityManagerFactory for persistence unit 'default'
2025-01-28T18:13:57.460+05:30  INFO 3768 --- [todo-management-application-mysql-database] [Thread-5] com.zaxxer.hikari.HikariDataSource       : HikariPool-1 - Shutdown initiated...
2025-01-28T18:13:57.680+05:30  INFO 3768 --- [todo-management-application-mysql-database] [Thread-5] com.zaxxer.hikari.HikariDataSource       : HikariPool-1 - Shutdown completed.
2025-01-28T18:13:59.001+05:30  INFO 3768 --- [todo-management-application-mysql-database] [restartedMain] i.v.s.web.TodoManagementApplication      : Starting TodoManagementApplication using Java 17.0.12 with PID 3768 (D:\development\java\eclipse\todo-management-application-mysql-database\target\classes started by UmaSuraj in D:\development\java\eclipse\todo-management-application-mysql-database)
2025-01-28T18:13:59.010+05:30 DEBUG 3768 --- [todo-management-application-mysql-database] [restartedMain] i.v.s.web.TodoManagementApplication      : Running with Spring Boot v3.3.7, Spring v6.1.16
2025-01-28T18:13:59.013+05:30  INFO 3768 --- [todo-management-application-mysql-database] [restartedMain] i.v.s.web.TodoManagementApplication      : No active profile set, falling back to 1 default profile: "default"
2025-01-28T18:14:03.982+05:30  INFO 3768 --- [todo-management-application-mysql-database] [restartedMain] .s.d.r.c.RepositoryConfigurationDelegate : Bootstrapping Spring Data JPA repositories in DEFAULT mode.
2025-01-28T18:14:04.119+05:30  INFO 3768 --- [todo-management-application-mysql-database] [restartedMain] .s.d.r.c.RepositoryConfigurationDelegate : Finished Spring Data repository scanning in 135 ms. Found 1 JPA repository interface.
2025-01-28T18:14:05.844+05:30  INFO 3768 --- [todo-management-application-mysql-database] [restartedMain] o.s.b.w.embedded.tomcat.TomcatWebServer  : Tomcat initialized with port 8081 (http)
2025-01-28T18:14:05.847+05:30  INFO 3768 --- [todo-management-application-mysql-database] [restartedMain] o.apache.catalina.core.StandardService   : Starting service [Tomcat]
2025-01-28T18:14:05.849+05:30  INFO 3768 --- [todo-management-application-mysql-database] [restartedMain] o.apache.catalina.core.StandardEngine    : Starting Servlet engine: [Apache Tomcat/10.1.34]
2025-01-28T18:14:07.650+05:30  INFO 3768 --- [todo-management-application-mysql-database] [restartedMain] org.apache.jasper.servlet.TldScanner     : At least one JAR was scanned for TLDs yet contained no TLDs. Enable debug logging for this logger for a complete list of JARs that were scanned but no TLDs were found in them. Skipping unneeded JARs during scanning can improve startup time and JSP compilation time.
2025-01-28T18:14:07.716+05:30  INFO 3768 --- [todo-management-application-mysql-database] [restartedMain] o.a.c.c.C.[Tomcat].[localhost].[/]       : Initializing Spring embedded WebApplicationContext
2025-01-28T18:14:07.717+05:30  INFO 3768 --- [todo-management-application-mysql-database] [restartedMain] w.s.c.ServletWebServerApplicationContext : Root WebApplicationContext: initialization completed in 8670 ms
2025-01-28T18:14:13.397+05:30  INFO 3768 --- [todo-management-application-mysql-database] [restartedMain] o.hibernate.jpa.internal.util.LogHelper  : HHH000204: Processing PersistenceUnitInfo [name: default]
2025-01-28T18:14:13.500+05:30  INFO 3768 --- [todo-management-application-mysql-database] [restartedMain] o.h.c.internal.RegionFactoryInitiator    : HHH000026: Second-level cache disabled
2025-01-28T18:14:15.061+05:30  INFO 3768 --- [todo-management-application-mysql-database] [restartedMain] o.s.o.j.p.SpringPersistenceUnitInfo      : No LoadTimeWeaver setup: ignoring JPA class transformer
2025-01-28T18:14:15.064+05:30  INFO 3768 --- [todo-management-application-mysql-database] [restartedMain] com.zaxxer.hikari.HikariDataSource       : HikariPool-2 - Starting...
2025-01-28T18:14:15.215+05:30  INFO 3768 --- [todo-management-application-mysql-database] [restartedMain] com.zaxxer.hikari.pool.HikariPool        : HikariPool-2 - Added connection com.mysql.cj.jdbc.ConnectionImpl@7d320d24
2025-01-28T18:14:15.216+05:30  INFO 3768 --- [todo-management-application-mysql-database] [restartedMain] com.zaxxer.hikari.HikariDataSource       : HikariPool-2 - Start completed.
2025-01-28T18:14:15.235+05:30  WARN 3768 --- [todo-management-application-mysql-database] [restartedMain] org.hibernate.orm.deprecation            : HHH90000025: MySQLDialect does not need to be specified explicitly using 'hibernate.dialect' (remove the property setting and it will be selected by default)
2025-01-28T18:14:16.851+05:30  INFO 3768 --- [todo-management-application-mysql-database] [restartedMain] o.h.e.t.j.p.i.JtaPlatformInitiator       : HHH000489: No JTA platform available (set 'hibernate.transaction.jta.platform' to enable JTA platform integration)
2025-01-28T18:14:17.323+05:30  INFO 3768 --- [todo-management-application-mysql-database] [restartedMain] j.LocalContainerEntityManagerFactoryBean : Initialized JPA EntityManagerFactory for persistence unit 'default'
2025-01-28T18:14:19.296+05:30  WARN 3768 --- [todo-management-application-mysql-database] [restartedMain] JpaBaseConfiguration$JpaWebConfiguration : spring.jpa.open-in-view is enabled by default. Therefore, database queries may be performed during view rendering. Explicitly configure spring.jpa.open-in-view to disable this warning
2025-01-28T18:14:19.427+05:30  INFO 3768 --- [todo-management-application-mysql-database] [restartedMain] r$InitializeUserDetailsManagerConfigurer : Global AuthenticationManager configured with UserDetailsService bean with name createUserDetailsManager
2025-01-28T18:14:21.212+05:30  INFO 3768 --- [todo-management-application-mysql-database] [restartedMain] o.s.b.d.a.OptionalLiveReloadServer       : LiveReload server is running on port 35729
2025-01-28T18:14:21.372+05:30  INFO 3768 --- [todo-management-application-mysql-database] [restartedMain] o.s.b.w.embedded.tomcat.TomcatWebServer  : Tomcat started on port 8081 (http) with context path '/'
2025-01-28T18:14:21.385+05:30  INFO 3768 --- [todo-management-application-mysql-database] [restartedMain] i.v.s.web.TodoManagementApplication      : Started TodoManagementApplication in 23.098 seconds (process running for 680.233)
2025-01-28T18:14:21.399+05:30  INFO 3768 --- [todo-management-application-mysql-database] [restartedMain] .ConditionEvaluationDeltaLoggingListener : Condition evaluation unchanged
2025-01-28T18:14:36.392+05:30  INFO 3768 --- [todo-management-application-mysql-database] [http-nio-8081-exec-1] o.a.c.c.C.[Tomcat].[localhost].[/]       : Initializing Spring DispatcherServlet 'dispatcherServlet'
2025-01-28T18:14:36.394+05:30  INFO 3768 --- [todo-management-application-mysql-database] [http-nio-8081-exec-1] o.s.web.servlet.DispatcherServlet        : Initializing Servlet 'dispatcherServlet'
2025-01-28T18:14:36.400+05:30  INFO 3768 --- [todo-management-application-mysql-database] [http-nio-8081-exec-1] o.s.web.servlet.DispatcherServlet        : Completed initialization in 4 ms
2025-01-28T18:14:39.771+05:30  WARN 3768 --- [todo-management-application-mysql-database] [http-nio-8081-exec-3] o.a.c.util.SessionIdGeneratorBase        : Creation of SecureRandom instance for session ID generation using [SHA1PRNG] took [187] milliseconds.
2025-01-28T18:25:33.006+05:30  INFO 3768 --- [todo-management-application-mysql-database] [File Watcher] rtingClassPathChangeChangedEventListener : Restarting due to 5 class path changes (0 additions, 2 deletions, 3 modifications)
2025-01-28T18:25:33.630+05:30  INFO 3768 --- [todo-management-application-mysql-database] [Thread-7] j.LocalContainerEntityManagerFactoryBean : Closing JPA EntityManagerFactory for persistence unit 'default'
2025-01-28T18:25:33.654+05:30  INFO 3768 --- [todo-management-application-mysql-database] [Thread-7] com.zaxxer.hikari.HikariDataSource       : HikariPool-2 - Shutdown initiated...
2025-01-28T18:25:33.795+05:30  INFO 3768 --- [todo-management-application-mysql-database] [Thread-7] com.zaxxer.hikari.HikariDataSource       : HikariPool-2 - Shutdown completed.
2025-01-28T18:25:38.428+05:30  INFO 3768 --- [todo-management-application-mysql-database] [restartedMain] i.v.s.web.TodoManagementApplication      : Starting TodoManagementApplication using Java 17.0.12 with PID 3768 (D:\development\java\eclipse\todo-management-application-mysql-database\target\classes started by UmaSuraj in D:\development\java\eclipse\todo-management-application-mysql-database)
2025-01-28T18:25:38.429+05:30 DEBUG 3768 --- [todo-management-application-mysql-database] [restartedMain] i.v.s.web.TodoManagementApplication      : Running with Spring Boot v3.3.7, Spring v6.1.16
2025-01-28T18:25:38.430+05:30  INFO 3768 --- [todo-management-application-mysql-database] [restartedMain] i.v.s.web.TodoManagementApplication      : No active profile set, falling back to 1 default profile: "default"
2025-01-28T18:25:41.962+05:30  INFO 3768 --- [todo-management-application-mysql-database] [restartedMain] .s.d.r.c.RepositoryConfigurationDelegate : Bootstrapping Spring Data JPA repositories in DEFAULT mode.
2025-01-28T18:25:42.146+05:30  INFO 3768 --- [todo-management-application-mysql-database] [restartedMain] .s.d.r.c.RepositoryConfigurationDelegate : Finished Spring Data repository scanning in 182 ms. Found 1 JPA repository interface.
2025-01-28T18:25:43.460+05:30  INFO 3768 --- [todo-management-application-mysql-database] [restartedMain] o.s.b.w.embedded.tomcat.TomcatWebServer  : Tomcat initialized with port 8081 (http)
2025-01-28T18:25:43.462+05:30  INFO 3768 --- [todo-management-application-mysql-database] [restartedMain] o.apache.catalina.core.StandardService   : Starting service [Tomcat]
2025-01-28T18:25:43.464+05:30  INFO 3768 --- [todo-management-application-mysql-database] [restartedMain] o.apache.catalina.core.StandardEngine    : Starting Servlet engine: [Apache Tomcat/10.1.34]
2025-01-28T18:25:45.276+05:30  INFO 3768 --- [todo-management-application-mysql-database] [restartedMain] org.apache.jasper.servlet.TldScanner     : At least one JAR was scanned for TLDs yet contained no TLDs. Enable debug logging for this logger for a complete list of JARs that were scanned but no TLDs were found in them. Skipping unneeded JARs during scanning can improve startup time and JSP compilation time.
2025-01-28T18:25:45.297+05:30  INFO 3768 --- [todo-management-application-mysql-database] [restartedMain] o.a.c.c.C.[Tomcat].[localhost].[/]       : Initializing Spring embedded WebApplicationContext
2025-01-28T18:25:45.299+05:30  INFO 3768 --- [todo-management-application-mysql-database] [restartedMain] w.s.c.ServletWebServerApplicationContext : Root WebApplicationContext: initialization completed in 6857 ms
2025-01-28T18:25:47.070+05:30  INFO 3768 --- [todo-management-application-mysql-database] [restartedMain] o.hibernate.jpa.internal.util.LogHelper  : HHH000204: Processing PersistenceUnitInfo [name: default]
2025-01-28T18:25:47.123+05:30  INFO 3768 --- [todo-management-application-mysql-database] [restartedMain] o.h.c.internal.RegionFactoryInitiator    : HHH000026: Second-level cache disabled
2025-01-28T18:25:47.244+05:30  INFO 3768 --- [todo-management-application-mysql-database] [restartedMain] o.s.o.j.p.SpringPersistenceUnitInfo      : No LoadTimeWeaver setup: ignoring JPA class transformer
2025-01-28T18:25:47.251+05:30  INFO 3768 --- [todo-management-application-mysql-database] [restartedMain] com.zaxxer.hikari.HikariDataSource       : HikariPool-3 - Starting...
2025-01-28T18:25:47.382+05:30  INFO 3768 --- [todo-management-application-mysql-database] [restartedMain] com.zaxxer.hikari.pool.HikariPool        : HikariPool-3 - Added connection com.mysql.cj.jdbc.ConnectionImpl@18dc460f
2025-01-28T18:25:47.383+05:30  INFO 3768 --- [todo-management-application-mysql-database] [restartedMain] com.zaxxer.hikari.HikariDataSource       : HikariPool-3 - Start completed.
2025-01-28T18:25:47.401+05:30  WARN 3768 --- [todo-management-application-mysql-database] [restartedMain] org.hibernate.orm.deprecation            : HHH90000025: MySQLDialect does not need to be specified explicitly using 'hibernate.dialect' (remove the property setting and it will be selected by default)
2025-01-28T18:25:48.919+05:30  INFO 3768 --- [todo-management-application-mysql-database] [restartedMain] o.h.e.t.j.p.i.JtaPlatformInitiator       : HHH000489: No JTA platform available (set 'hibernate.transaction.jta.platform' to enable JTA platform integration)
2025-01-28T18:25:49.016+05:30  INFO 3768 --- [todo-management-application-mysql-database] [restartedMain] j.LocalContainerEntityManagerFactoryBean : Initialized JPA EntityManagerFactory for persistence unit 'default'
2025-01-28T18:25:50.185+05:30  WARN 3768 --- [todo-management-application-mysql-database] [restartedMain] JpaBaseConfiguration$JpaWebConfiguration : spring.jpa.open-in-view is enabled by default. Therefore, database queries may be performed during view rendering. Explicitly configure spring.jpa.open-in-view to disable this warning
2025-01-28T18:25:50.240+05:30  INFO 3768 --- [todo-management-application-mysql-database] [restartedMain] r$InitializeUserDetailsManagerConfigurer : Global AuthenticationManager configured with UserDetailsService bean with name createUserDetailsManager
2025-01-28T18:25:51.659+05:30  INFO 3768 --- [todo-management-application-mysql-database] [restartedMain] o.s.b.d.a.OptionalLiveReloadServer       : LiveReload server is running on port 35729
2025-01-28T18:25:51.750+05:30  INFO 3768 --- [todo-management-application-mysql-database] [restartedMain] o.s.b.w.embedded.tomcat.TomcatWebServer  : Tomcat started on port 8081 (http) with context path '/'
2025-01-28T18:25:51.786+05:30  INFO 3768 --- [todo-management-application-mysql-database] [restartedMain] i.v.s.web.TodoManagementApplication      : Started TodoManagementApplication in 16.106 seconds (process running for 1370.633)
2025-01-28T18:25:51.791+05:30  INFO 3768 --- [todo-management-application-mysql-database] [restartedMain] .ConditionEvaluationDeltaLoggingListener : Condition evaluation unchanged
2025-01-28T18:52:26.216+05:30  INFO 3768 --- [todo-management-application-mysql-database] [http-nio-8081-exec-1] o.a.c.c.C.[Tomcat].[localhost].[/]       : Initializing Spring DispatcherServlet 'dispatcherServlet'
2025-01-28T18:52:26.341+05:30  INFO 3768 --- [todo-management-application-mysql-database] [http-nio-8081-exec-1] o.s.web.servlet.DispatcherServlet        : Initializing Servlet 'dispatcherServlet'
2025-01-28T18:52:26.421+05:30  INFO 3768 --- [todo-management-application-mysql-database] [http-nio-8081-exec-1] o.s.web.servlet.DispatcherServlet        : Completed initialization in 30 ms
